<?xml version="1.0" encoding="UTF-8" ?>
<testsuites disabled="0" errors="0" failures="0" tests="10" time="36.679">
 <testsuite name="ShoppingCart home page" timestamp="2019-07-26T10:46:21" hostname="localhost" time="36.679" errors="0" tests="10" skipped="0" disabled="0" failures="0">
  <testcase classname="ShoppingCart home page" name="Should display the home page" time="2.543" />
  <testcase classname="ShoppingCart home page" name="should get the item price" time="3.563" />
  <testcase classname="ShoppingCart home page" name="should display a error message when quantity is 0" time="4.117" />
  <testcase classname="ShoppingCart home page" name="should calculate total price when quantity is 1" time="4.054" />
  <testcase classname="ShoppingCart home page" name="should calculate total price when quantity is 2" time="3.529" />
  <testcase classname="ShoppingCart home page" name="should calculate total price when quantity is 5" time="3.435" />
  <testcase classname="ShoppingCart home page" name="Should display a error message if quantity is not available" time="3.331" />
  <testcase classname="ShoppingCart home page" name="should clear all the fields if CLEAR button is clicked" time="5.533" />
  <testcase classname="ShoppingCart home page" name="should display available sizes for the particular brand" time="3.158" />
  <testcase classname="ShoppingCart home page" name="buy now button should be disabled if totalprice is equal to &quot; &quot;" time="3.415" />
 </testsuite>
</testsuites>